[14-Aug-2012 04:12:44] Invalid HTTP request method.
[14-Aug-2012 04:21:06] Invalid HTTP request method.
[14-Aug-2012 04:25:16] Invalid HTTP request method.
[14-Aug-2012 04:27:30] Invalid HTTP request method.
[14-Aug-2012 04:29:15] Invalid HTTP request method.
[14-Aug-2012 04:29:52] Invalid HTTP request method.
[14-Aug-2012 04:31:29] PHP Notice:  Undefined index:  cm in /home/admin/vpnflix/ipn.php on line 63
[14-Aug-2012 04:31:31] Invalid HTTP request method.
[14-Aug-2012 04:34:29] Invalid HTTP request method.
[14-Aug-2012 04:34:32] Invalid HTTP request method.
[14-Aug-2012 04:35:28] Invalid HTTP request method.
[14-Aug-2012 04:42:05] Invalid HTTP request method.
[14-Aug-2012 14:36:18] Invalid HTTP request method.
[14-Aug-2012 16:51:06] Invalid HTTP request method.
[14-Aug-2012 17:04:34] Invalid HTTP request method.
[14-Aug-2012 17:09:06] Invalid HTTP request method.
[14-Aug-2012 17:12:40] Invalid HTTP request method.
[14-Aug-2012 18:58:22] Invalid HTTP request method.
[14-Aug-2012 19:04:01] PHP Notice:  Undefined variable: username in /home/admin/vpnflix/ipn.php on line 136
[14-Aug-2012 19:04:01] PHP Notice:  Undefined variable: password in /home/admin/vpnflix/ipn.php on line 136
[14-Aug-2012 19:04:04] Invalid HTTP request method.
[14-Aug-2012 20:20:32] PHP Notice:  Undefined variable: username in /home/admin/vpnflix/ipn.php on line 136
[14-Aug-2012 20:20:32] PHP Notice:  Undefined variable: password in /home/admin/vpnflix/ipn.php on line 136
[14-Aug-2012 20:20:33] Invalid HTTP request method.
[14-Aug-2012 20:20:35] PHP Warning:  Cannot modify header information - headers already sent by (output started at /home/admin/vpnflix/ipn.php:156) in /home/admin/vpnflix/ipn.php on line 175
[14-Aug-2012 20:23:44] PHP Notice:  Undefined variable: username in /home/admin/vpnflix/ipn.php on line 136
[14-Aug-2012 20:23:46] PHP Notice:  Undefined variable: password in /home/admin/vpnflix/ipn.php on line 136
[14-Aug-2012 20:23:46] Invalid HTTP request method.
[14-Aug-2012 20:29:00] PHP Notice:  Undefined variable: username in /home/admin/vpnflix/ipn.php on line 136
[14-Aug-2012 20:29:00] PHP Notice:  Undefined variable: password in /home/admin/vpnflix/ipn.php on line 136
[14-Aug-2012 20:29:04] Invalid HTTP request method.
[14-Aug-2012 20:30:25] Invalid HTTP request method.
[14-Aug-2012 20:31:47] PHP Notice:  Undefined variable: username in /home/admin/vpnflix/ipn.php on line 136
[14-Aug-2012 20:31:47] PHP Notice:  Undefined variable: password in /home/admin/vpnflix/ipn.php on line 136
[14-Aug-2012 20:31:51] Invalid HTTP request method.
[14-Aug-2012 20:40:19] Invalid HTTP request method.
[14-Aug-2012 20:41:20] Invalid HTTP request method.
[14-Aug-2012 20:42:17] PHP Notice:  Undefined variable: username in /home/admin/vpnflix/ipn.php on line 136
[14-Aug-2012 20:42:17] PHP Notice:  Undefined variable: password in /home/admin/vpnflix/ipn.php on line 136
[14-Aug-2012 20:42:20] Invalid HTTP request method.
[14-Aug-2012 20:52:48] PHP Notice:  Undefined variable: username in /home/admin/vpnflix/ipn.php on line 136
[14-Aug-2012 20:52:48] PHP Notice:  Undefined variable: password in /home/admin/vpnflix/ipn.php on line 136
[15-Aug-2012 02:42:03] PHP Notice:  Undefined variable: username in /home/admin/vpnflix/ipn.php on line 136
[15-Aug-2012 02:42:03] PHP Notice:  Undefined variable: password in /home/admin/vpnflix/ipn.php on line 136
[15-Aug-2012 15:20:50] PHP Notice:  Undefined variable: username in /home/admin/vpnflix/ipn.php on line 152
[15-Aug-2012 15:20:50] PHP Notice:  Undefined variable: password in /home/admin/vpnflix/ipn.php on line 152
[15-Aug-2012 15:26:07] PHP Notice:  Undefined variable: username in /home/admin/vpnflix/ipn.php on line 152
[15-Aug-2012 15:26:07] PHP Notice:  Undefined variable: password in /home/admin/vpnflix/ipn.php on line 152
[15-Aug-2012 15:29:21] PHP Notice:  Undefined variable: username in /home/admin/vpnflix/ipn.php on line 152
[15-Aug-2012 15:29:21] PHP Notice:  Undefined variable: password in /home/admin/vpnflix/ipn.php on line 152
[15-Aug-2012 15:30:31] PHP Notice:  Undefined variable: username in /home/admin/vpnflix/ipn.php on line 152
[15-Aug-2012 15:30:31] PHP Notice:  Undefined variable: password in /home/admin/vpnflix/ipn.php on line 152
[15-Aug-2012 15:40:10] PHP Notice:  Undefined variable: username in /home/admin/vpnflix/ipn.php on line 166
[15-Aug-2012 15:40:10] PHP Notice:  Undefined variable: password in /home/admin/vpnflix/ipn.php on line 166
[15-Aug-2012 15:40:32] PHP Notice:  Undefined variable: username in /home/admin/vpnflix/ipn.php on line 166
[15-Aug-2012 15:40:32] PHP Notice:  Undefined variable: password in /home/admin/vpnflix/ipn.php on line 166
[15-Aug-2012 15:40:47] PHP Notice:  Undefined variable: username in /home/admin/vpnflix/ipn.php on line 166
[15-Aug-2012 15:40:47] PHP Notice:  Undefined variable: password in /home/admin/vpnflix/ipn.php on line 166
[15-Aug-2012 15:44:16] PHP Notice:  Undefined variable: username in /home/admin/vpnflix/ipn.php on line 165
[15-Aug-2012 15:44:16] PHP Notice:  Undefined variable: password in /home/admin/vpnflix/ipn.php on line 165
[15-Aug-2012 15:45:23] PHP Notice:  Undefined variable: username in /home/admin/vpnflix/ipn.php on line 165
[15-Aug-2012 15:45:23] PHP Notice:  Undefined variable: password in /home/admin/vpnflix/ipn.php on line 165
[15-Aug-2012 19:37:43] PHP Notice:  Undefined variable: username in /home/admin/vpnflix/ipn.php on line 178
[15-Aug-2012 19:37:43] PHP Notice:  Undefined variable: password in /home/admin/vpnflix/ipn.php on line 178
[15-Aug-2012 19:40:36] PHP Notice:  Undefined variable: username in /home/admin/vpnflix/ipn.php on line 178
[15-Aug-2012 19:40:36] PHP Notice:  Undefined variable: password in /home/admin/vpnflix/ipn.php on line 178
[15-Aug-2012 19:40:51] PHP Notice:  Undefined variable: username in /home/admin/vpnflix/ipn.php on line 178
[15-Aug-2012 19:40:51] PHP Notice:  Undefined variable: password in /home/admin/vpnflix/ipn.php on line 178
[15-Aug-2012 19:46:04] PHP Notice:  Undefined variable: username in /home/admin/vpnflix/ipn.php on line 178
[15-Aug-2012 19:46:04] PHP Notice:  Undefined variable: password in /home/admin/vpnflix/ipn.php on line 178
[15-Aug-2012 19:48:42] PHP Notice:  Undefined variable: username in /home/admin/vpnflix/ipn.php on line 178
[15-Aug-2012 19:48:42] PHP Notice:  Undefined variable: password in /home/admin/vpnflix/ipn.php on line 178
[15-Aug-2012 19:52:34] PHP Notice:  Undefined variable: username in /home/admin/vpnflix/ipn.php on line 180
[15-Aug-2012 19:52:34] PHP Notice:  Undefined variable: password in /home/admin/vpnflix/ipn.php on line 180
[15-Aug-2012 19:53:39] PHP Notice:  Undefined variable: username in /home/admin/vpnflix/ipn.php on line 180
[15-Aug-2012 19:53:39] PHP Notice:  Undefined variable: password in /home/admin/vpnflix/ipn.php on line 180
[15-Aug-2012 19:59:28] PHP Notice:  Undefined variable: username in /home/admin/vpnflix/ipn.php on line 180
[15-Aug-2012 19:59:28] PHP Notice:  Undefined variable: password in /home/admin/vpnflix/ipn.php on line 180
[15-Aug-2012 20:00:48] PHP Notice:  Undefined variable: username in /home/admin/vpnflix/ipn.php on line 180
[15-Aug-2012 20:00:48] PHP Notice:  Undefined variable: password in /home/admin/vpnflix/ipn.php on line 180
[15-Aug-2012 20:22:33] PHP Notice:  Undefined variable: username in /home/admin/vpnflix/ipn.php on line 180
[15-Aug-2012 20:22:33] PHP Notice:  Undefined variable: password in /home/admin/vpnflix/ipn.php on line 180
[15-Aug-2012 20:56:24] PHP Notice:  Undefined variable: username in /home/admin/vpnflix/ipn.php on line 184
[15-Aug-2012 20:56:24] PHP Notice:  Undefined variable: password in /home/admin/vpnflix/ipn.php on line 184
[17-Aug-2012 14:58:15] PHP Notice:  Undefined index:  address_country_code in /home/admin/vpnflix/ipn.php on line 119
[17-Aug-2012 15:02:24] PHP Notice:  Undefined index:  address_country_code in /home/admin/vpnflix/ipn.php on line 119
[17-Aug-2012 15:09:47] PHP Notice:  Undefined index:  address_country_code in /home/admin/vpnflix/ipn.php on line 119
[18-Aug-2012 04:05:10] PHP Notice:  Undefined index:  address_country_code in /home/admin/vpnflix/ipn.php on line 119
[21-Aug-2012 02:41:42] PHP Notice:  Undefined index:  address_country_code in /home/admin/vpnflix/ipn.php on line 119
[21-Aug-2012 14:28:56] PHP Notice:  Undefined index:  address_country_code in /home/admin/vpnflix/ipn.php on line 119
[22-Aug-2012 20:32:44] PHP Notice:  Undefined index:  address_country_code in /home/admin/vpnflix/ipn.php on line 149
[27-Aug-2012 01:11:02] PHP Notice:  Undefined index:  address_country_code in /home/admin/vpnflix/ipn.php on line 149
[04-Sep-2012 08:33:32] PHP Notice:  Undefined index:  address_country_code in /home/admin/vpnflix/ipn.php on line 149
[04-Sep-2012 21:15:08] PHP Notice:  Undefined index:  payment_status in /home/admin/vpnflix/ipn.php on line 63
[06-Sep-2012 20:11:35] PHP Notice:  Undefined index:  payment_status in /home/admin/vpnflix/ipn.php on line 63
[10-Sep-2012 17:23:38] PHP Notice:  Undefined index:  address_country_code in /home/admin/vpnflix/ipn.php on line 149
[11-Sep-2012 14:04:48] PHP Notice:  Undefined index:  address_country_code in /home/admin/vpnflix/ipn.php on line 149
[21-Sep-2012 00:39:28] PHP Notice:  Undefined index:  address_country_code in /home/admin/vpnflix/ipn.php on line 149
[07-Oct-2012 10:34:21] PHP Notice:  Undefined index:  address_country_code in /home/admin/vpnflix/ipn.php on line 149
[11-Oct-2012 12:58:25] PHP Notice:  Undefined index:  address_country_code in /home/admin/vpnflix/ipn.php on line 149
[11-Oct-2012 15:10:58] PHP Notice:  Undefined index:  address_country_code in /home/admin/vpnflix/ipn.php on line 149
[28-Oct-2012 19:52:17] PHP Notice:  Undefined index:  address_country_code in /home/admin/vpnflix/ipn.php on line 149
[05-Nov-2012 01:50:55] PHP Notice:  Undefined index:  address_country_code in /home/admin/vpnflix/ipn.php on line 149
[06-Nov-2012 23:13:57] PHP Notice:  Undefined index:  address_country_code in /home/admin/vpnflix/ipn.php on line 149
[08-Nov-2012 20:09:29] PHP Notice:  Undefined index:  address_country_code in /home/admin/vpnflix/ipn.php on line 149
[14-Nov-2012 20:22:22] PHP Notice:  Undefined index:  address_country_code in /home/admin/vpnflix/ipn.php on line 149
[29-Nov-2012 23:42:47] PHP Notice:  Undefined index:  address_country_code in /home/admin/vpnflix/ipn.php on line 149
[05-Dec-2012 22:57:43] PHP Notice:  Undefined index:  address_country_code in /home/admin/vpnflix/ipn.php on line 149
[21-Dec-2012 02:53:39] PHP Notice:  Undefined index:  address_country_code in /home/admin/vpnflix/ipn.php on line 149
[24-Dec-2012 04:11:42] PHP Notice:  Undefined index:  address_country_code in /home/admin/vpnflix/ipn.php on line 149
[09-Jan-2013 12:12:12] PHP Notice:  Undefined index:  payment_status in /home/admin/vpnflix/ipn.php on line 63
[11-Jan-2013 07:52:44] PHP Notice:  Undefined index:  address_country_code in /home/admin/vpnflix/ipn.php on line 149
[17-Jan-2013 17:18:18] PHP Notice:  Undefined index:  address_country_code in /home/admin/vpnflix/ipn.php on line 149
[18-Jan-2013 04:29:11] PHP Notice:  Undefined index:  address_country_code in /home/admin/vpnflix/ipn.php on line 149
[19-Jan-2013 02:49:02] PHP Notice:  Undefined index:  address_country_code in /home/admin/vpnflix/ipn.php on line 149
[21-Jan-2013 01:27:12] PHP Notice:  Undefined index:  receiver_email in /home/admin/vpnflix/ipn.php on line 69
[21-Jan-2013 01:27:13] PHP Notice:  Undefined index:  receiver_email in /home/admin/vpnflix/ipn.php on line 71
[29-Jan-2013 03:48:06] PHP Notice:  Undefined index:  address_country_code in /home/admin/vpnflix/ipn.php on line 149
[29-Jan-2013 03:48:43] PHP Notice:  Undefined index:  address_country_code in /home/admin/vpnflix/ipn.php on line 149
[29-Jan-2013 04:31:30] PHP Notice:  Undefined index:  address_country_code in /home/admin/vpnflix/ipn.php on line 149
[29-Jan-2013 12:47:40] PHP Notice:  Undefined index:  address_country_code in /home/admin/vpnflix/ipn.php on line 149
[01-Feb-2013 10:29:57] PHP Notice:  Undefined index:  address_country_code in /home/admin/vpnflix/ipn.php on line 149
[04-Feb-2013 12:41:12] PHP Notice:  Undefined index:  address_country_code in /home/admin/vpnflix/ipn.php on line 149
[14-Feb-2013 15:51:09] PHP Notice:  Undefined index:  address_country_code in /home/admin/vpnflix/ipn.php on line 149
[21-Feb-2013 05:20:29] PHP Notice:  Undefined index:  address_country_code in /home/admin/vpnflix/ipn.php on line 149
[24-Feb-2013 22:56:59] PHP Notice:  Undefined index:  address_country_code in /home/admin/vpnflix/ipn.php on line 149
[25-Feb-2013 03:42:41] PHP Notice:  Undefined index:  address_country_code in /home/admin/vpnflix/ipn.php on line 149
[03-Mar-2013 16:12:51] PHP Notice:  Undefined index:  address_country_code in /home/admin/vpnflix/ipn.php on line 149
